0 verbose cli /usr/local/bin/node /usr/local/bin/npm
1 info using npm@11.6.4
2 info using node@v24.11.1
3 silly config load:file:/usr/local/lib/node_modules/npm/npmrc
4 silly config load:file:/home/container/.npmrc
5 silly config load:file:/usr/local/etc/npmrc
6 verbose title npm install
7 verbose argv "install"
8 verbose logfile logs-max:10 dir:/home/container/.npm/_logs/2025-12-08T15_19_46_389Z-
9 verbose logfile /home/container/.npm/_logs/2025-12-08T15_19_46_389Z-debug-0.log
10 silly logfile start cleaning logs, removing 1 files
11 silly logfile done cleaning log files
12 silly packumentCache heap:718274560 maxSize:179568640 maxEntrySize:89784320
13 silly idealTree buildDeps
14 silly reify moves {}
15 silly audit bulk request {
15 silly audit   '@babel/runtime': [ '7.26.0' ],
15 silly audit   '@discordjs/builders': [ '1.9.0' ],
15 silly audit   'discord-api-types': [ '0.37.97', '0.37.83', '0.37.100' ],
15 silly audit   '@discordjs/collection': [ '1.5.3', '2.1.1' ],
15 silly audit   '@discordjs/formatters': [ '0.5.0' ],
15 silly audit   '@discordjs/rest': [ '2.4.0' ],
15 silly audit   '@discordjs/util': [ '1.1.1' ],
15 silly audit   '@discordjs/ws': [ '1.1.1' ],
15 silly audit   '@kreisler/js-google-translate-free': [ '4.0.2' ],
15 silly audit   '@sapphire/async-queue': [ '1.5.5' ],
15 silly audit   '@sapphire/shapeshift': [ '4.0.0' ],
15 silly audit   '@sapphire/snowflake': [ '3.5.3' ],
15 silly audit   '@types/node': [ '22.10.1' ],
15 silly audit   '@types/ws': [ '8.5.13' ],
15 silly audit   '@vladfrangu/async_event_emitter': [ '2.4.6' ],
15 silly audit   'agent-base': [ '7.1.1', '7.1.4' ],
15 silly audit   'aki-api': [ '7.0.1' ],
15 silly audit   axios: [ '1.7.8', '1.6.7' ],
15 silly audit   asynckit: [ '0.4.0' ],
15 silly audit   'base64-js': [ '1.5.1' ],
15 silly audit   'better-sqlite3': [ '11.6.0' ],
15 silly audit   bindings: [ '1.5.0' ],
15 silly audit   bl: [ '4.1.0' ],
15 silly audit   bluebird: [ '3.7.2' ],
15 silly audit   buffer: [ '5.7.1' ],
15 silly audit   chownr: [ '1.1.4', '3.0.0' ],
15 silly audit   'combined-stream': [ '1.0.8' ],
15 silly audit   'cross-env': [ '7.0.3' ],
15 silly audit   'cross-spawn': [ '7.0.6' ],
15 silly audit   csvtojson: [ '2.0.10' ],
15 silly audit   debug: [ '4.3.7', '4.4.3' ],
15 silly audit   'decompress-response': [ '6.0.0' ],
15 silly audit   'deep-extend': [ '0.6.0' ],
15 silly audit   'delayed-stream': [ '1.0.0' ],
15 silly audit   'detect-libc': [ '2.0.3' ],
15 silly audit   'discord.js': [ '14.16.3' ],
15 silly audit   'discord.js-akinator': [ '5.0.0' ],
15 silly audit   'end-of-stream': [ '1.4.4' ],
15 silly audit   'expand-template': [ '2.0.3' ],
15 silly audit   'fast-deep-equal': [ '3.1.3' ],
15 silly audit   'file-uri-to-path': [ '1.0.0' ],
15 silly audit   'follow-redirects': [ '1.15.9' ],
15 silly audit   'form-data': [ '4.0.1' ],
15 silly audit   'fs-constants': [ '1.0.0' ],
15 silly audit   'github-from-package': [ '0.0.0' ],
15 silly audit   'html-entities': [ '2.5.2' ],
15 silly audit   'https-proxy-agent': [ '6.2.1', '7.0.6' ],
15 silly audit   i: [ '0.3.7' ],
15 silly audit   ieee754: [ '1.2.1' ],
15 silly audit   inherits: [ '2.0.4' ],
15 silly audit   ini: [ '1.3.8', '6.0.0' ],
15 silly audit   install: [ '0.13.0' ],
15 silly audit   'is-utf8': [ '0.2.1' ],
15 silly audit   isexe: [ '2.0.0', '3.1.1' ],
15 silly audit   lodash: [ '4.17.21' ],
15 silly audit   'lodash.snakecase': [ '4.1.1' ],
15 silly audit   'magic-bytes.js': [ '1.10.0' ],
15 silly audit   'mime-db': [ '1.52.0' ],
15 silly audit   'mime-types': [ '2.1.35' ],
15 silly audit   'mimic-response': [ '3.1.0' ],
15 silly audit   minimist: [ '1.2.8' ],
15 silly audit   'mkdirp-classic': [ '0.5.3' ],
15 silly audit   ms: [ '2.1.3' ],
15 silly audit   'napi-build-utils': [ '1.0.2' ],
15 silly audit   node_extra_ca_certs_mozilla_bundle: [ '1.0.7' ],
15 silly audit   'node-abi': [ '3.71.0' ],
15 silly audit   npm: [ '11.6.4' ],
15 silly audit   'proc-log': [ '5.0.0', '6.1.0' ],
15 silly audit   minimatch: [ '9.0.5', '10.1.1' ],
15 silly audit   minipass: [ '7.1.2', '3.3.6' ],
15 silly audit   semver: [ '7.6.3', '7.7.3' ],
15 silly audit   'spdx-expression-parse': [ '3.0.1', '4.0.0' ],
15 silly audit   yallist: [ '5.0.0', '4.0.0' ],
15 silly audit   'util-deprecate': [ '1.0.2' ],
15 silly audit   which: [ '2.0.2', '6.0.0' ],
15 silly audit   once: [ '1.4.0' ],
15 silly audit   'path-key': [ '3.1.1' ],
15 silly audit   'prebuild-install': [ '7.1.2' ],
15 silly audit   'proxy-from-env': [ '1.1.0' ],
15 silly audit   pump: [ '3.0.2' ],
15 silly audit   'quick.db': [ '9.1.7' ],
15 silly audit   rc: [ '1.2.8' ],
15 silly audit   'readable-stream': [ '3.6.2' ],
15 silly audit   'regenerator-runtime': [ '0.14.1' ],
15 silly audit   'safe-buffer': [ '5.2.1' ],
15 silly audit   'shebang-command': [ '2.0.0' ],
15 silly audit   'shebang-regex': [ '3.0.0' ],
15 silly audit   'simple-concat': [ '1.0.1' ],
15 silly audit   'simple-get': [ '4.0.1' ],
15 silly audit   string_decoder: [ '1.3.0' ],
15 silly audit   'strip-bom': [ '2.0.0' ],
15 silly audit   'strip-json-comments': [ '2.0.1' ],
15 silly audit   'tar-fs': [ '2.1.1' ],
15 silly audit   'tar-stream': [ '2.2.0' ],
15 silly audit   'ts-mixer': [ '6.0.4' ],
15 silly audit   tslib: [ '2.8.1' ],
15 silly audit   'tunnel-agent': [ '0.6.0' ],
15 silly audit   undici: [ '6.19.8' ],
15 silly audit   'undici-types': [ '6.20.0' ],
15 silly audit   wrappy: [ '1.0.2' ],
15 silly audit   ws: [ '8.18.0' ],
15 silly audit   '@isaacs/balanced-match': [ '4.0.1' ],
15 silly audit   '@isaacs/brace-expansion': [ '5.0.0' ],
15 silly audit   '@isaacs/fs-minipass': [ '4.0.1' ],
15 silly audit   '@isaacs/string-locale-compare': [ '1.1.0' ],
15 silly audit   '@npmcli/agent': [ '4.0.0' ],
15 silly audit   '@npmcli/arborist': [ '9.1.8' ],
15 silly audit   '@npmcli/config': [ '10.4.4' ],
15 silly audit   '@npmcli/fs': [ '5.0.0' ],
15 silly audit   '@npmcli/git': [ '7.0.1' ],
15 silly audit   '@npmcli/installed-package-contents': [ '4.0.0' ],
15 silly audit   '@npmcli/map-workspaces': [ '5.0.3' ],
15 silly audit   '@npmcli/metavuln-calculator': [ '9.0.3' ],
15 silly audit   '@npmcli/name-from-folder': [ '4.0.0' ],
15 silly audit   '@npmcli/node-gyp': [ '5.0.0' ],
15 silly audit   '@npmcli/package-json': [ '7.0.4' ],
15 silly audit   '@npmcli/promise-spawn': [ '9.0.1' ],
15 silly audit   '@npmcli/query': [ '5.0.0' ],
15 silly audit   '@npmcli/redact': [ '4.0.0' ],
15 silly audit   '@npmcli/run-script': [ '10.0.3' ],
15 silly audit   '@sigstore/bundle': [ '4.0.0' ],
15 silly audit   '@sigstore/core': [ '3.0.0' ],
15 silly audit   '@sigstore/protobuf-specs': [ '0.5.0' ],
15 silly audit   '@sigstore/sign': [ '4.0.1' ],
15 silly audit   '@sigstore/tuf': [ '4.0.0' ],
15 silly audit   '@sigstore/verify': [ '3.0.0' ],
15 silly audit   '@tufjs/canonical-json': [ '2.0.0' ],
15 silly audit   '@tufjs/models': [ '4.0.0' ],
15 silly audit   abbrev: [ '4.0.0' ],
15 silly audit   'ansi-regex': [ '5.0.1' ],
15 silly audit   aproba: [ '2.1.0' ],
15 silly audit   archy: [ '1.0.0' ],
15 silly audit   'balanced-match': [ '1.0.2' ],
15 silly audit   'bin-links': [ '6.0.0' ],
15 silly audit   'binary-extensions': [ '3.1.0' ],
15 silly audit   'brace-expansion': [ '2.0.2' ],
15 silly audit   cacache: [ '20.0.3' ],
15 silly audit   chalk: [ '5.6.2' ],
15 silly audit   'ci-info': [ '4.3.1' ],
15 silly audit   'cidr-regex': [ '5.0.1' ],
15 silly audit   'cli-columns': [ '4.0.0' ],
15 silly audit   'cmd-shim': [ '8.0.0' ],
15 silly audit   'common-ancestor-path': [ '1.0.1' ],
15 silly audit   cssesc: [ '3.0.0' ],
15 silly audit   diff: [ '8.0.2' ],
15 silly audit   'emoji-regex': [ '8.0.0' ],
15 silly audit   encoding: [ '0.1.13' ],
15 silly audit   'env-paths': [ '2.2.1' ],
15 silly audit   'err-code': [ '2.0.3' ],
15 silly audit   'exponential-backoff': [ '3.1.3' ],
15 silly audit   'fastest-levenshtein': [ '1.0.16' ],
15 silly audit   'fs-minipass': [ '3.0.3' ],
15 silly audit   glob: [ '13.0.0' ],
15 silly audit   'graceful-fs': [ '4.2.11' ],
15 silly audit   'hosted-git-info': [ '9.0.2' ],
15 silly audit   'http-cache-semantics': [ '4.2.0' ],
15 silly audit   'http-proxy-agent': [ '7.0.2' ],
15 silly audit   'iconv-lite': [ '0.6.3' ],
15 silly audit   'ignore-walk': [ '8.0.0' ],
15 silly audit   imurmurhash: [ '0.1.4' ],
15 silly audit   'init-package-json': [ '8.2.4' ],
15 silly audit   'ip-address': [ '10.0.1' ],
15 silly audit   'ip-regex': [ '5.0.0' ],
15 silly audit   'is-cidr': [ '6.0.1' ],
15 silly audit   'is-fullwidth-code-point': [ '3.0.0' ],
15 silly audit   'json-parse-even-better-errors': [ '5.0.0' ],
15 silly audit   'json-stringify-nice': [ '1.1.4' ],
15 silly audit   jsonparse: [ '1.3.1' ],
15 silly audit   'just-diff': [ '6.0.2' ],
15 silly audit   'just-diff-apply': [ '5.5.0' ],
15 silly audit   libnpmaccess: [ '10.0.3' ],
15 silly audit   libnpmdiff: [ '8.0.11' ],
15 silly audit   libnpmexec: [ '10.1.10' ],
15 silly audit   libnpmfund: [ '7.0.11' ],
15 silly audit   libnpmorg: [ '8.0.1' ],
15 silly audit   libnpmpack: [ '9.0.11' ],
15 silly audit   libnpmpublish: [ '11.1.3' ],
15 silly audit   libnpmsearch: [ '9.0.1' ],
15 silly audit   libnpmteam: [ '8.0.2' ],
15 silly audit   libnpmversion: [ '8.0.3' ],
15 silly audit   'lru-cache': [ '11.2.2' ],
15 silly audit   'make-fetch-happen': [ '15.0.3' ],
15 silly audit   'minipass-collect': [ '2.0.1' ],
15 silly audit   'minipass-fetch': [ '5.0.0' ],
15 silly audit   'minipass-flush': [ '1.0.5' ],
15 silly audit   'minipass-pipeline': [ '1.2.4' ],
15 silly audit   'minipass-sized': [ '1.0.3' ],
15 silly audit   minizlib: [ '3.1.0' ],
15 silly audit   'mute-stream': [ '3.0.0' ],
15 silly audit   negotiator: [ '1.0.0' ],
15 silly audit   'node-gyp': [ '12.1.0' ],
15 silly audit   nopt: [ '9.0.0' ],
15 silly audit   'npm-audit-report': [ '7.0.0' ],
15 silly audit   'npm-bundled': [ '5.0.0' ],
15 silly audit   'npm-install-checks': [ '8.0.0' ],
15 silly audit   'npm-normalize-package-bin': [ '5.0.0' ],
15 silly audit   'npm-package-arg': [ '13.0.2' ],
15 silly audit   'npm-packlist': [ '10.0.3' ],
15 silly audit   'npm-pick-manifest': [ '11.0.3' ],
15 silly audit   'npm-profile': [ '12.0.1' ],
15 silly audit   'npm-registry-fetch': [ '19.1.1' ],
15 silly audit   'npm-user-validate': [ '4.0.0' ],
15 silly audit   'p-map': [ '7.0.4' ],
15 silly audit   pacote: [ '21.0.4' ],
15 silly audit   'parse-conflict-json': [ '5.0.1' ],
15 silly audit   'path-scurry': [ '2.0.0' ],
15 silly audit   'postcss-selector-parser': [ '7.1.0' ],
15 silly audit   proggy: [ '4.0.0' ],
15 silly audit   'promise-all-reject-late': [ '1.0.1' ],
15 silly audit   'promise-call-limit': [ '3.0.2' ],
15 silly audit   'promise-retry': [ '2.0.1' ],
15 silly audit   promzard: [ '3.0.1' ],
15 silly audit   'qrcode-terminal': [ '0.12.0' ],
15 silly audit   read: [ '5.0.1' ],
15 silly audit   'read-cmd-shim': [ '6.0.0' ],
15 silly audit   retry: [ '0.12.0' ],
15 silly audit   'safer-buffer': [ '2.1.2' ],
15 silly audit   'signal-exit': [ '4.1.0' ],
15 silly audit   sigstore: [ '4.0.0' ],
15 silly audit   'smart-buffer': [ '4.2.0' ],
15 silly audit   socks: [ '2.8.7' ],
15 silly audit   'socks-proxy-agent': [ '8.0.5' ],
15 silly audit   'spdx-correct': [ '3.2.0' ],
15 silly audit   'spdx-exceptions': [ '2.5.0' ],
15 silly audit   'spdx-license-ids': [ '3.0.22' ],
15 silly audit   ssri: [ '13.0.0' ],
15 silly audit   'string-width': [ '4.2.3' ],
15 silly audit   'strip-ansi': [ '6.0.1' ],
15 silly audit   'supports-color': [ '10.2.2' ],
15 silly audit   tar: [ '7.5.2' ],
15 silly audit   'text-table': [ '0.2.0' ],
15 silly audit   'tiny-relative-date': [ '2.0.2' ],
15 silly audit   tinyglobby: [ '0.2.15' ],
15 silly audit   fdir: [ '6.5.0' ],
15 silly audit   picomatch: [ '4.0.3' ],
15 silly audit   treeverse: [ '3.0.0' ],
15 silly audit   'tuf-js': [ '4.0.0' ],
15 silly audit   'unique-filename': [ '5.0.0' ],
15 silly audit   'unique-slug': [ '6.0.0' ],
15 silly audit   'validate-npm-package-license': [ '3.0.4' ],
15 silly audit   'validate-npm-package-name': [ '7.0.0' ],
15 silly audit   'walk-up-path': [ '4.0.0' ],
15 silly audit   'write-file-atomic': [ '7.0.0' ]
15 silly audit }
16 http fetch POST 200 https://registry.npmjs.org/-/npm/v1/security/advisories/bulk 594ms
17 silly audit report {
17 silly audit report   '@babel/runtime': [
17 silly audit report     {
17 silly audit report       id: 1104000,
17 silly audit report       url: 'https://github.com/advisories/GHSA-968p-4wvh-cqc8',
17 silly audit report       title: 'Babel has inefficient RegExp complexity in generated code with .replace when transpiling named capturing groups',
17 silly audit report       severity: 'moderate',
17 silly audit report       vulnerable_versions: '<7.26.10',
17 silly audit report       cwe: [Array],
17 silly audit report       cvss: [Object]
17 silly audit report     }
17 silly audit report   ],
17 silly audit report   axios: [
17 silly audit report     {
17 silly audit report       id: 1111035,
17 silly audit report       url: 'https://github.com/advisories/GHSA-jr5f-v2jv-69x6',
17 silly audit report       title: 'axios Requests Vulnerable To Possible SSRF and Credential Leakage via Absolute URL',
17 silly audit report       severity: 'high',
17 silly audit report       vulnerable_versions: '>=1.0.0 <1.8.2',
17 silly audit report       cwe: [Array],
17 silly audit report       cvss: [Object]
17 silly audit report     },
17 silly audit report     {
17 silly audit report       id: 1108263,
17 silly audit report       url: 'https://github.com/advisories/GHSA-4hjh-wcwx-xvwj',
17 silly audit report       title: 'Axios is vulnerable to DoS attack through lack of data size check',
17 silly audit report       severity: 'high',
17 silly audit report       vulnerable_versions: '>=1.0.0 <1.12.0',
17 silly audit report       cwe: [Array],
17 silly audit report       cvss: [Object]
17 silly audit report     },
17 silly audit report     {
17 silly audit report       id: 1098583,
17 silly audit report       url: 'https://github.com/advisories/GHSA-8hc4-vh64-cxmj',
17 silly audit report       title: 'Server-Side Request Forgery in axios',
17 silly audit report       severity: 'high',
17 silly audit report       vulnerable_versions: '>=1.3.2 <=1.7.3',
17 silly audit report       cwe: [Array],
17 silly audit report       cvss: [Object]
17 silly audit report     }
17 silly audit report   ],
17 silly audit report   csvtojson: [
17 silly audit report     {
17 silly audit report       id: 1108374,
17 silly audit report       url: 'https://github.com/advisories/GHSA-vrw9-g62v-7fmf',
17 silly audit report       title: 'CSVTOJSON has a prototype pollution vulnerability',
17 silly audit report       severity: 'moderate',
17 silly audit report       vulnerable_versions: '<=2.0.10',
17 silly audit report       cwe: [Array],
17 silly audit report       cvss: [Object]
17 silly audit report     }
17 silly audit report   ],
17 silly audit report   'form-data': [
17 silly audit report     {
17 silly audit report       id: 1109538,
17 silly audit report       url: 'https://github.com/advisories/GHSA-fjxv-7rqg-78g4',
17 silly audit report       title: 'form-data uses unsafe random function in form-data for choosing boundary',
17 silly audit report       severity: 'critical',
17 silly audit report       vulnerable_versions: '>=4.0.0 <4.0.4',
17 silly audit report       cwe: [Array],
17 silly audit report       cvss: [Object]
17 silly audit report     }
17 silly audit report   ],
17 silly audit report   'tar-fs': [
17 silly audit report     {
17 silly audit report       id: 1109532,
17 silly audit report       url: 'https://github.com/advisories/GHSA-vj76-c3g6-qr5v',
17 silly audit report       title: 'tar-fs has a symlink validation bypass if destination directory is predictable with a specific tarball',
17 silly audit report       severity: 'high',
17 silly audit report       vulnerable_versions: '>=2.0.0 <2.1.4',
17 silly audit report       cwe: [Array],
17 silly audit report       cvss: [Object]
17 silly audit report     },
17 silly audit report     {
17 silly audit report       id: 1109543,
17 silly audit report       url: 'https://github.com/advisories/GHSA-8cj5-5rvv-wf4v',
17 silly audit report       title: 'tar-fs can extract outside the specified dir with a specific tarball',
17 silly audit report       severity: 'high',
17 silly audit report       vulnerable_versions: '>=2.0.0 <2.1.3',
17 silly audit report       cwe: [Array],
17 silly audit report       cvss: [Object]
17 silly audit report     },
17 silly audit report     {
17 silly audit report       id: 1109552,
17 silly audit report       url: 'https://github.com/advisories/GHSA-pq67-2wwv-3xjx',
17 silly audit report       title: 'tar-fs Vulnerable to Link Following and Path Traversal via Extracting a Crafted tar File',
17 silly audit report       severity: 'high',
17 silly audit report       vulnerable_versions: '>=2.0.0 <2.1.2',
17 silly audit report       cwe: [Array],
17 silly audit report       cvss: [Object]
17 silly audit report     }
17 silly audit report   ],
17 silly audit report   undici: [
17 silly audit report     {
17 silly audit report       id: 1101609,
17 silly audit report       url: 'https://github.com/advisories/GHSA-c76h-2ccp-4975',
17 silly audit report       title: 'Use of Insufficiently Random Values in undici',
17 silly audit report       severity: 'moderate',
17 silly audit report       vulnerable_versions: '>=6.0.0 <6.21.1',
17 silly audit report       cwe: [Array],
17 silly audit report       cvss: [Object]
17 silly audit report     },
17 silly audit report     {
17 silly audit report       id: 1104500,
17 silly audit report       url: 'https://github.com/advisories/GHSA-cxrh-j4jr-qwg3',
17 silly audit report       title: 'undici Denial of Service attack via bad certificate data',
17 silly audit report       severity: 'low',
17 silly audit report       vulnerable_versions: '>=6.0.0 <6.21.2',
17 silly audit report       cwe: [Array],
17 silly audit report       cvss: [Object]
17 silly audit report     }
17 silly audit report   ]
17 silly audit report }
18 silly packumentCache corgi:https://registry.npmjs.org/@babel%2fruntime cache-miss
19 silly packumentCache corgi:https://registry.npmjs.org/axios cache-miss
20 silly packumentCache corgi:https://registry.npmjs.org/csvtojson cache-miss
21 silly packumentCache corgi:https://registry.npmjs.org/form-data cache-miss
22 silly packumentCache corgi:https://registry.npmjs.org/tar-fs cache-miss
23 silly packumentCache corgi:https://registry.npmjs.org/undici cache-miss
24 http cache https://registry.npmjs.org/axios 66ms (cache hit)
25 silly packumentCache corgi:https://registry.npmjs.org/axios set size:262593 disposed:false
26 http cache https://registry.npmjs.org/csvtojson 75ms (cache hit)
27 silly packumentCache corgi:https://registry.npmjs.org/csvtojson set size:74239 disposed:false
28 http cache https://registry.npmjs.org/form-data 76ms (cache hit)
29 silly packumentCache corgi:https://registry.npmjs.org/form-data set size:51426 disposed:false
30 http cache https://registry.npmjs.org/tar-fs 77ms (cache hit)
31 silly packumentCache corgi:https://registry.npmjs.org/tar-fs set size:54422 disposed:false
32 http cache https://registry.npmjs.org/@babel%2fruntime 83ms (cache hit)
33 silly packumentCache corgi:https://registry.npmjs.org/@babel%2fruntime set size:218864 disposed:false
34 http cache https://registry.npmjs.org/undici 84ms (cache hit)
35 silly packumentCache corgi:https://registry.npmjs.org/undici set size:395956 disposed:false
36 silly packumentCache corgi:https://registry.npmjs.org/@kreisler%2fjs-google-translate-free cache-miss
37 http cache https://registry.npmjs.org/@kreisler%2fjs-google-translate-free 8ms (cache hit)
38 silly packumentCache corgi:https://registry.npmjs.org/@kreisler%2fjs-google-translate-free set size:14179 disposed:false
39 silly packumentCache corgi:https://registry.npmjs.org/aki-api cache-miss
40 silly packumentCache corgi:https://registry.npmjs.org/node_extra_ca_certs_mozilla_bundle cache-miss
41 http cache https://registry.npmjs.org/aki-api 25ms (cache hit)
42 silly packumentCache corgi:https://registry.npmjs.org/aki-api set size:43264 disposed:false
43 http cache https://registry.npmjs.org/node_extra_ca_certs_mozilla_bundle 27ms (cache hit)
44 silly packumentCache corgi:https://registry.npmjs.org/node_extra_ca_certs_mozilla_bundle set size:11307 disposed:false
45 silly packumentCache corgi:https://registry.npmjs.org/prebuild-install cache-miss
46 http cache https://registry.npmjs.org/prebuild-install 5ms (cache hit)
47 silly packumentCache corgi:https://registry.npmjs.org/prebuild-install set size:76274 disposed:false
48 silly packumentCache corgi:https://registry.npmjs.org/@discordjs%2frest cache-miss
49 silly packumentCache corgi:https://registry.npmjs.org/discord.js cache-miss
50 http cache https://registry.npmjs.org/@discordjs%2frest 24ms (cache hit)
51 silly packumentCache corgi:https://registry.npmjs.org/@discordjs%2frest set size:2819249 disposed:false
52 http cache https://registry.npmjs.org/discord.js 83ms (cache hit)
53 silly packumentCache corgi:https://registry.npmjs.org/discord.js set size:3944454 disposed:false
54 silly packumentCache corgi:https://registry.npmjs.org/discord.js-akinator cache-miss
55 http cache https://registry.npmjs.org/discord.js-akinator 8ms (cache hit)
56 silly packumentCache corgi:https://registry.npmjs.org/discord.js-akinator set size:65433 disposed:false
57 silly packumentCache corgi:https://registry.npmjs.org/@discordjs%2fws cache-miss
58 http cache https://registry.npmjs.org/@discordjs%2fws 75ms (cache hit)
59 silly packumentCache corgi:https://registry.npmjs.org/@discordjs%2fws set size:2634423 disposed:false
60 verbose cwd /home/container
61 verbose os Linux 6.8.0-79-generic
62 verbose node v24.11.1
63 verbose npm  v11.6.4
64 verbose exit 0
65 info ok
